Added Component: Designator=J?(HDRV8W65P0X254_1X8_2010X249X945P)
Add component (AddParameter): Name = "Arrow Part Number"; Value = ""; VariantName = "[No Variations]"
Add component (AddParameter): Name = "Arrow Price/Stock"; Value = ""; VariantName = "[No Variations]"
Add component (AddParameter): Name = "Datasheet Link"; Value = "https://www.molex.com/pdm_docs/sd/901200128_sd.pdf"; VariantName = "[No Variations]"
Add component (AddParameter): Name = "Height"; Value = "9.45mm"; VariantName = "[No Variations]"
Add component (AddParameter): Name = "Manufacturer_Name"; Value = "Molex"; VariantName = "[No Variations]"
Add component (AddParameter): Name = "Manufacturer_Part_Number"; Value = "MOLEX"; VariantName = "[No Variations]"
Add component (AddParameter): Name = "Mouser Part Number"; Value = ""; VariantName = "[No Variations]"
Add component (AddParameter): Name = "Mouser Price/Stock"; Value = ""; VariantName = "[No Variations]"
Added Component: Designator=U1(SOIC127P600X175-8N)
Add component (AddParameter): Name = "Arrow Part Number"; Value = "MCP2544WFDT-E/SN"; VariantName = "[No Variations]"
Add component (AddParameter): Name = "Arrow Price/Stock"; Value = "https://www.arrow.com/en/products/mcp2544wfdt-esn/microchip-technology?region=nac"; VariantName = "[No Variations]"
Add component (AddParameter): Name = "Datasheet Link"; Value = "https://ww1.microchip.com/downloads/aemDocuments/documents/APID/ProductDocuments/DataSheets/MCP2542FD-MCP2542WFD-4WFD-Data-Sheet-DS20005514C.pdf"; VariantName = "[No Variations]"
Add component (AddParameter): Name = "Height"; Value = "1.75mm"; VariantName = "[No Variations]"
Add component (AddParameter): Name = "Manufacturer_Name"; Value = "Microchip"; VariantName = "[No Variations]"
Add component (AddParameter): Name = "Manufacturer_Part_Number"; Value = "MCP2544WFDT-E/SN"; VariantName = "[No Variations]"
Add component (AddParameter): Name = "Mouser Part Number"; Value = "579-MCP2544WFDT-E/SN"; VariantName = "[No Variations]"
Add component (AddParameter): Name = "Mouser Price/Stock"; Value = "https://www.mouser.co.uk/ProductDetail/Microchip-Technology-Atmel/MCP2544WFDT-E-SN?qs=qdgZG5p0FZ4T7O4Xjw%2FO1Q%3D%3D"; VariantName = "[No Variations]"
Added Pin To Net: NetName=CANH Pin=J?-7
Added Pin To Net: NetName=CANH Pin=U1-7
Added Net: Name=CANH
Added Pin To Net: NetName=CANL Pin=J?-6
Added Pin To Net: NetName=CANL Pin=U1-6
Added Net: Name=CANL
Added Pin To Net: NetName=RXD Pin=J?-4
Added Pin To Net: NetName=RXD Pin=U1-4
Added Net: Name=RXD
Added Pin To Net: NetName=STBY Pin=J?-8
Added Pin To Net: NetName=STBY Pin=U1-8
Added Net: Name=STBY
Added Pin To Net: NetName=TXD Pin=J?-1
Added Pin To Net: NetName=TXD Pin=U1-1
Added Net: Name=TXD
Added Pin To Net: NetName=VDD Pin=J?-3
Added Pin To Net: NetName=VDD Pin=U1-3
Added Net: Name=VDD
Added Pin To Net: NetName=VSS Pin=J?-2
Added Pin To Net: NetName=VSS Pin=U1-2
Added Net: Name=VSS
